<?xml version="1.0" encoding="UTF-8"?>
<!-- Generated by org.testng.reporters.JUnitReportReporter -->
<testsuite hostname="DESKTOP-7P8NELF" failures="0" tests="1" name="restassuredbyCSPTest.BDDStyleGetRequestWithStaticImport" time="3.820" errors="0" timestamp="2021-01-23T15:10:28 IST" skipped="0">
  <testcase classname="restassuredbyCSPTest.BDDStyleGetRequestWithStaticImport" name="GetBookingIds_VerifyStatusCode" time="3.820"/>
  <system-out/>
</testsuite> <!-- restassuredbyCSPTest.BDDStyleGetRequestWithStaticImport -->
