<?xml version="1.0" encoding="UTF-8"?>
<!-- Generated by org.testng.reporters.JUnitReportReporter -->
<testsuite hostname="DESKTOP-7P8NELF" failures="0" tests="1" name="restassuredbyCSPTest.NonBDDStyleGetRequest" time="4.033" errors="0" timestamp="2021-01-23T13:32:24 IST" skipped="0">
  <testcase classname="restassuredbyCSPTest.NonBDDStyleGetRequest" name="GetBookingIds_VerifyStatusCode" time="4.033"/>
  <system-out/>
</testsuite> <!-- restassuredbyCSPTest.NonBDDStyleGetRequest -->
